Build started 06.10.2015 12:45:05.
     1>Project "c:\Users\Inkers\documents\visual studio 2015\Projects\lab2\lab2\lab2.vcxproj" on node 2 (Build target(s)).
     1>ClCompile:
         C:\Program Files (x86)\Microsoft Visual Studio 14.0\VC\bin\CL.exe /c /IC:\SFML\SFML\include /ZI /nologo /W3 /WX- /sdl /Od /Oy- /D _MBCS /Gm /EHsc /RTC1 /MDd /GS /fp:precise /Zc:wchar_t /Zc:forScope /Zc:inline /Fo"Debug\\" /Fd"Debug\vc140.pdb" /Gd /TP /analyze- /errorReport:prompt main.cpp
         main.cpp
     1>c:\users\inkers\documents\visual studio 2015\projects\lab2\lab2\main.cpp(23): warning C4244: 'argument': conversion from 'float' to 'int', possible loss of data
     1>c:\users\inkers\documents\visual studio 2015\projects\lab2\lab2\main.cpp(59): warning C4244: 'initializing': conversion from 'sf::Int64' to 'float', possible loss of data
     1>c:\users\inkers\documents\visual studio 2015\projects\lab2\lab2\main.cpp(70): warning C4305: '=': truncation from 'double' to 'float'
     1>c:\users\inkers\documents\visual studio 2015\projects\lab2\lab2\main.cpp(71): warning C4244: '+=': conversion from 'double' to 'float', possible loss of data
     1>c:\users\inkers\documents\visual studio 2015\projects\lab2\lab2\main.cpp(76): warning C4305: '=': truncation from 'double' to 'float'
     1>c:\users\inkers\documents\visual studio 2015\projects\lab2\lab2\main.cpp(77): warning C4244: '+=': conversion from 'double' to 'float', possible loss of data
     1>c:\users\inkers\documents\visual studio 2015\projects\lab2\lab2\main.cpp(82): warning C4305: '=': truncation from 'double' to 'float'
     1>c:\users\inkers\documents\visual studio 2015\projects\lab2\lab2\main.cpp(83): warning C4244: '+=': conversion from 'double' to 'float', possible loss of data
     1>c:\users\inkers\documents\visual studio 2015\projects\lab2\lab2\main.cpp(88): warning C4305: '=': truncation from 'double' to 'float'
     1>c:\users\inkers\documents\visual studio 2015\projects\lab2\lab2\main.cpp(89): warning C4244: '+=': conversion from 'double' to 'float', possible loss of data
     1>c:\users\inkers\documents\visual studio 2015\projects\lab2\lab2\main.cpp(104): warning C4244: 'argument': conversion from 'int' to 'float', possible loss of data
       Link:
         C:\Program Files (x86)\Microsoft Visual Studio 14.0\VC\bin\link.exe /ERRORREPORT:PROMPT /OUT:"c:\Users\Inkers\documents\visual studio 2015\Projects\lab2\Debug\lab2.exe" /INCREMENTAL /NOLOGO /LIBPATH:C:\SFML\SFML\lib "sfml-audio-d.lib" "sfml-graphics-d.lib" "sfml-network-d.lib" "sfml-system-d.lib" "sfml-window-d.lib" kernel32.lib user32.lib gdi32.lib winspool.lib comdlg32.lib advapi32.lib shell32.lib ole32.lib oleaut32.lib uuid.lib odbc32.lib odbccp32.lib /MANIFEST /MANIFESTUAC:"level='asInvoker' uiAccess='false'" /manifest:embed /Debug /PDB:"c:\Users\Inkers\documents\visual studio 2015\Projects\lab2\Debug\lab2.pdb" /TLBID:1 /DYNAMICBASE /NXCOMPAT /IMPLIB:"c:\Users\Inkers\documents\visual studio 2015\Projects\lab2\Debug\lab2.lib" /MACHINE:X86 Debug\main.obj
         lab2.vcxproj -> c:\Users\Inkers\documents\visual studio 2015\Projects\lab2\Debug\lab2.exe
     1>Done Building Project "c:\Users\Inkers\documents\visual studio 2015\Projects\lab2\lab2\lab2.vcxproj" (Build target(s)).

Build succeeded.

Time Elapsed 00:00:00.71
